<?xml version="1.0" encoding="UTF-8"?>
<!-- Generated by org.testng.reporters.JUnitReportReporter -->
<testsuite hostname="Ravisingh-pc" failures="0" tests="1" name="com.actitime.generic.TestMethodClass" time="20.943" errors="0" timestamp="2022-11-02T18:12:22 IST" skipped="0">
  <testcase classname="com.actitime.generic.TestMethodClass" name="validLogin" time="20.943"/>
  <system-out/>
</testsuite> <!-- com.actitime.generic.TestMethodClass -->
