<?xml version="1.0" encoding="UTF-8"?>
<!-- Generated by org.testng.reporters.JUnitReportReporter -->
<testsuite hostname="Ravisingh-pc" failures="0" tests="1" name="testNG.Assertion" time="5.561" errors="0" timestamp="2022-10-27T23:00:21 IST" skipped="0">
  <testcase classname="testNG.Assertion" name="verifyTitle" time="5.561"/>
  <system-out/>
</testsuite> <!-- testNG.Assertion -->
